2023-03-25T02:53:33+00:00 DEBUG tt4b_product_sync: missing access token for tt4b_product_sync
2023-03-25T02:53:48+00:00 DEBUG tt4b_product_sync: missing access token for tt4b_product_sync
2023-03-25T02:54:34+00:00 DEBUG tt4b_product_sync: missing access token for tt4b_product_sync
2023-03-25T02:56:43+00:00 DEBUG tt4b_product_sync: missing access token for tt4b_product_sync
2023-03-25T03:01:43+00:00 DEBUG Tt4b_Pixel_Class::inject_view_content_event: hit injectViewContentEvent
2023-03-25T03:01:43+00:00 DEBUG Tt4b_Pixel_Class::inject_view_content_event: Missing option "access_token"
2023-03-25T03:02:50+00:00 DEBUG Tt4b_Pixel_Class::inject_view_content_event: hit injectViewContentEvent
2023-03-25T03:02:50+00:00 DEBUG Tt4b_Pixel_Class::inject_view_content_event: Missing option "access_token"
2023-03-25T03:04:08+00:00 DEBUG tt4b_product_sync: missing access token for tt4b_product_sync
2023-03-25T03:04:22+00:00 DEBUG tt4b_product_sync: missing access token for tt4b_product_sync
2023-03-25T03:04:54+00:00 DEBUG tt4b_product_sync: missing access token for tt4b_product_sync
2023-03-25T03:05:32+00:00 DEBUG Tt4b_Pixel_Class::inject_view_content_event: hit injectViewContentEvent
2023-03-25T03:05:32+00:00 DEBUG Tt4b_Pixel_Class::inject_view_content_event: Missing option "access_token"
2023-03-25T03:05:51+00:00 DEBUG Tt4b_Pixel_Class::inject_view_content_event: hit injectViewContentEvent
2023-03-25T03:05:51+00:00 DEBUG Tt4b_Pixel_Class::inject_view_content_event: Missing option "access_token"
2023-03-25T03:05:58+00:00 DEBUG Tt4b_Pixel_Class::inject_add_to_cart_event: hit injectAddToCartEvent
2023-03-25T03:05:58+00:00 DEBUG Tt4b_Pixel_Class::inject_add_to_cart_event: Missing option "access_token"
2023-03-25T03:05:58+00:00 DEBUG Tt4b_Pixel_Class::inject_view_content_event: hit injectViewContentEvent
2023-03-25T03:05:58+00:00 DEBUG Tt4b_Pixel_Class::inject_view_content_event: Missing option "access_token"
2023-03-25T15:00:16+00:00 DEBUG POST: https://business-api.tiktok.com/open_api/v1.2/tbp/business_profile/disconnect/

{"external_business_id":false,"business_platform":"WOO_COMMERCE","is_setup_page":0,"app_id":false}
 ajax: no
2023-03-25T15:00:16+00:00 DEBUG Tt4b_Mapi_Class::mapi_post: Response: 

HTTP/1.1 200 OK
Server: nginx
Content-Type: application/json; charset=utf-8
Content-Length: 103
X-Api-Deprecation-Info: API for Business Version 1.3 is now live. To avoid disruption to your business, we recommend you migrate all calls to v1.3 as soon as possible. Please visit our migration guide for more details: https://ads.tiktok.com/marketing_api/docs?id=1740029169927169
X-Domain-Change-Info: We have moved to the new domain business-api.tiktok.com for API services after the Platform Upgrade on 09/30/2021. Please update all of your requests with the new domain if you haven't done so already. For more information, please visit https://ads.tiktok.com/marketing_api/docs?rid=esb88xalm6m&id=1709207085043713
X-Tt-Logid: 2023032515001996A24EE9A819E90ADF79
x-tt-trace-host: 013f41fa36185d2b950abdf16cc939c426eb91589ea8d4b7b1c021de5596904089da1e546d0776d19efa761e696b62bd21256ffb07ae109ea79b6bca18637dc5c84f034216f89627c087a2616dc10085f0818b6b0a3bf377172d1e8525603786e22b9495df66ffaaf01e6195c65173428d
X-Origin-Response-Time: 11,23.44.214.13
X-Akamai-Request-ID: 1fddac41.1262f180
Expires: Sat, 25 Mar 2023 15:00:20 GMT
Cache-Control: max-age=0, no-cache, no-store
Pragma: no-cache
Date: Sat, 25 Mar 2023 15:00:20 GMT
X-Cache: TCP_MISS from a183-80-211-199.deploy.akamaitechnologies.com (AkamaiGHost/11.0.2.2-47519392) (-)
Connection: close
X-Cache-Remote: TCP_MISS from a23-44-214-13.deploy.akamaitechnologies.com (AkamaiGHost/11.0.2.2-47519392) (-)
x-tt-trace-tag: id=16;cdn-cache=miss;type=dyn
Server-Timing: cdn-cache; desc=MISS, edge; dur=74, origin; dur=10
Server-Timing: inner; dur=4
X-Parent-Response-Time: 83,183.80.211.199

{"code":40104,"message":"The access_token is empty.","request_id":"2023032515001996A24EE9A819E90ADF79"}

2023-03-25T15:00:16+00:00 DEBUG POST: https://business-api.tiktok.com/tbp/v2.0/shop/connection/disconnect?external_data=

--- EMPTY STRING ---
 ajax: no
2023-03-25T15:00:17+00:00 DEBUG Tt4b_Mapi_Class::tts_shop_disconnect: Response: 

HTTP/1.1 200 OK
Server: nginx
Content-Type: application/json; charset=utf-8
Content-Length: 95
X-Api-Deprecation-Info: API for Business Version 1.3 is now live. To avoid disruption to your business, we recommend you migrate all calls to v1.3 as soon as possible. Please visit our migration guide for more details: https://ads.tiktok.com/marketing_api/docs?id=1740029169927169
X-Domain-Change-Info: We have moved to the new domain business-api.tiktok.com for API services after the Platform Upgrade on 09/30/2021. Please update all of your requests with the new domain if you haven't done so already. For more information, please visit https://ads.tiktok.com/marketing_api/docs?rid=esb88xalm6m&id=1709207085043713
X-Tt-Logid: 20230325150019BF32CA331376D90B7FE8
x-tt-trace-host: 013f41fa36185d2b950abdf16cc939c426eb91589ea8d4b7b1c021de559690408942f4e089a992d56f9b56cd8084c4d8fc69dcfa789b229f00053d245d68f7022571f5c15efefcac3446f358d380e80eff627d99daafc486090800376993b4109600964f58ab53302d0a1eec8e167714b1
X-Origin-Response-Time: 19,23.48.172.198
X-Akamai-Request-ID: be57e60.1262f54c
Expires: Sat, 25 Mar 2023 15:00:20 GMT
Cache-Control: max-age=0, no-cache, no-store
Pragma: no-cache
Date: Sat, 25 Mar 2023 15:00:20 GMT
X-Cache: TCP_MISS from a183-80-211-199.deploy.akamaitechnologies.com (AkamaiGHost/11.0.2.2-47519392) (-)
Connection: close
X-Cache-Remote: TCP_MISS from a23-48-172-198.deploy.akamaitechnologies.com (AkamaiGHost/11.0.2.2-47519392) (-)
x-tt-trace-tag: id=16;cdn-cache=miss;type=dyn
Server-Timing: cdn-cache; desc=MISS, edge; dur=82, origin; dur=19
Server-Timing: inner; dur=13
X-Parent-Response-Time: 100,183.80.211.199

{"code":40001,"message":"Permission denied.","request_id":"20230325150019BF32CA331376D90B7FE8"}

